{"timestamp":"2025-06-10 01:39:24","level":"info","context":"NestFactory","message":"Starting Nest application..."}
{"timestamp":"2025-06-10 01:39:24","level":"info","context":"InstanceLoader","message":"ThrottlerModule dependencies initialized"}
{"timestamp":"2025-06-10 01:39:24","level":"info","context":"InstanceLoader","message":"ConfigHostModule dependencies initialized"}
{"timestamp":"2025-06-10 01:39:24","level":"info","context":"InstanceLoader","message":"FormatsModule dependencies initialized"}
{"timestamp":"2025-06-10 01:39:24","level":"info","context":"InstanceLoader","message":"TerminusModule dependencies initialized"}
{"timestamp":"2025-06-10 01:39:24","level":"info","context":"InstanceLoader","message":"ConfigModule dependencies initialized"}
{"timestamp":"2025-06-10 01:39:24","level":"info","context":"InstanceLoader","message":"HealthModule dependencies initialized"}
{"timestamp":"2025-06-10 01:39:24","level":"info","context":"InstanceLoader","message":"AppModule dependencies initialized"}
{"timestamp":"2025-06-10 01:39:24","level":"info","context":"RoutesResolver","message":"AppController {/api/v1}:"}
{"timestamp":"2025-06-10 01:39:24","level":"info","context":"RouterExplorer","message":"Mapped {/api/v1, GET} route"}
{"timestamp":"2025-06-10 01:39:24","level":"info","context":"RouterExplorer","message":"Mapped {/api/v1/info, GET} route"}
{"timestamp":"2025-06-10 01:39:24","level":"info","context":"RouterExplorer","message":"Mapped {/api/v1/test-upload, POST} route"}
{"timestamp":"2025-06-10 01:39:24","level":"info","context":"RoutesResolver","message":"HealthController {/api/v1/health}:"}
{"timestamp":"2025-06-10 01:39:24","level":"info","context":"RouterExplorer","message":"Mapped {/api/v1/health, GET} route"}
{"timestamp":"2025-06-10 01:39:24","level":"info","context":"RoutesResolver","message":"FormatsController {/api/v1/formats}:"}
{"timestamp":"2025-06-10 01:39:24","level":"info","context":"RouterExplorer","message":"Mapped {/api/v1/formats, GET} route"}
{"timestamp":"2025-06-10 01:39:24","level":"info","context":"NestApplication","message":"Nest application successfully started"}
{"timestamp":"2025-06-10 01:39:35","level":"info","context":"NestFactory","message":"Starting Nest application..."}
{"timestamp":"2025-06-10 01:40:09","level":"error","context":"HttpExceptionFilter","message":"POST /api/v1/test-upload - 400 - {\"error\":{\"code\":\"UNSUPPORTED_FILE_TYPE\",\"message\":\"File type not supported\",\"details\":{\"received_type\":\"text/plain\",\"supported_types\":[\"PDF (.pdf)\",\"Word (.docx, .doc)\",\"Excel (.xlsx, .xls)\",\"PowerPoint (.pptx, .ppt)\"],\"timestamp\":\"2025-06-09T18:40:09.731Z\",\"path\":\"/api/v1/test-upload\",\"method\":\"POST\"}}}","stack":["HttpException: Http Exception\n    at fileFilter (/Users/hungpv/Documents/Flutter/EcosystemsToolApps/pdf-kit-server/src/config/multer.config.ts:36:9)\n    at wrappedFileFilter (/Users/hungpv/Documents/Flutter/EcosystemsToolApps/pdf-kit-server/node_modules/multer/index.js:44:7)\n    at Multipart.<anonymous> (/Users/hungpv/Documents/Flutter/EcosystemsToolApps/pdf-kit-server/node_modules/multer/lib/make-middleware.js:123:7)\n    at Multipart.emit (node:events:507:28)\n    at HeaderParser.cb (/Users/hungpv/Documents/Flutter/EcosystemsToolApps/pdf-kit-server/node_modules/busboy/lib/types/multipart.js:358:14)\n    at HeaderParser.push (/Users/hungpv/Documents/Flutter/EcosystemsToolApps/pdf-kit-server/node_modules/busboy/lib/types/multipart.js:162:20)\n    at SBMH.ssCb [as _cb] (/Users/hungpv/Documents/Flutter/EcosystemsToolApps/pdf-kit-server/node_modules/busboy/lib/types/multipart.js:394:37)\n    at feed (/Users/hungpv/Documents/Flutter/EcosystemsToolApps/pdf-kit-server/node_modules/streamsearch/lib/sbmh.js:219:14)\n    at SBMH.push (/Users/hungpv/Documents/Flutter/EcosystemsToolApps/pdf-kit-server/node_modules/streamsearch/lib/sbmh.js:104:16)\n    at Multipart._write (/Users/hungpv/Documents/Flutter/EcosystemsToolApps/pdf-kit-server/node_modules/busboy/lib/types/multipart.js:567:19)"]}
{"timestamp":"2025-06-10 19:09:28","level":"info","context":"NestFactory","message":"Starting Nest application..."}
{"timestamp":"2025-06-10 19:09:28","level":"info","context":"InstanceLoader","message":"ThrottlerModule dependencies initialized"}
{"timestamp":"2025-06-10 19:09:28","level":"info","context":"InstanceLoader","message":"ConfigHostModule dependencies initialized"}
{"timestamp":"2025-06-10 19:09:28","level":"info","context":"InstanceLoader","message":"FormatsModule dependencies initialized"}
{"timestamp":"2025-06-10 19:09:28","level":"info","context":"InstanceLoader","message":"TerminusModule dependencies initialized"}
{"timestamp":"2025-06-10 19:09:28","level":"info","context":"InstanceLoader","message":"ConfigModule dependencies initialized"}
{"timestamp":"2025-06-10 19:09:28","level":"info","context":"InstanceLoader","message":"HealthModule dependencies initialized"}
{"timestamp":"2025-06-10 19:09:29","level":"info","context":"InstanceLoader","message":"AppModule dependencies initialized"}
{"timestamp":"2025-06-10 19:09:29","level":"info","context":"InstanceLoader","message":"ConversionModule dependencies initialized"}
{"timestamp":"2025-06-10 19:09:29","level":"info","context":"RoutesResolver","message":"AppController {/api/v1}:"}
{"timestamp":"2025-06-10 19:09:29","level":"info","context":"RouterExplorer","message":"Mapped {/api/v1, GET} route"}
{"timestamp":"2025-06-10 19:09:29","level":"info","context":"RouterExplorer","message":"Mapped {/api/v1/info, GET} route"}
{"timestamp":"2025-06-10 19:09:29","level":"info","context":"RouterExplorer","message":"Mapped {/api/v1/test-upload, POST} route"}
{"timestamp":"2025-06-10 19:09:29","level":"info","context":"RoutesResolver","message":"HealthController {/api/v1/health}:"}
{"timestamp":"2025-06-10 19:09:29","level":"info","context":"RouterExplorer","message":"Mapped {/api/v1/health, GET} route"}
{"timestamp":"2025-06-10 19:09:29","level":"info","context":"RoutesResolver","message":"FormatsController {/api/v1/formats}:"}
{"timestamp":"2025-06-10 19:09:29","level":"info","context":"RouterExplorer","message":"Mapped {/api/v1/formats, GET} route"}
{"timestamp":"2025-06-10 19:09:29","level":"info","context":"RoutesResolver","message":"ConversionController {/api/v1/api/v1/convert}:"}
{"timestamp":"2025-06-10 19:09:29","level":"info","context":"RouterExplorer","message":"Mapped {/api/v1/api/v1/convert, POST} route"}
{"timestamp":"2025-06-10 19:09:29","level":"info","context":"NestApplication","message":"Nest application successfully started"}
{"timestamp":"2025-06-10 19:09:35","level":"error","context":"HttpExceptionFilter","message":"GET /health - 500 - {\"error\":{\"code\":\"INTERNAL_SERVER_ERROR\",\"message\":\"Cannot create property 'details' on string 'Not Found'\",\"details\":{\"timestamp\":\"2025-06-10T12:09:35.797Z\",\"path\":\"/health\",\"method\":\"GET\"}}}","stack":["TypeError: Cannot create property 'details' on string 'Not Found'\n    at HttpExceptionFilter.catch (/Users/hungpv/Documents/Flutter/EcosystemsToolApps/pdf-kit-server/src/common/filters/http-exception.filter.ts:75:32)\n    at ExceptionsHandler.invokeCustomFilters (/Users/hungpv/Documents/Flutter/EcosystemsToolApps/pdf-kit-server/node_modules/@nestjs/core/exceptions/exceptions-handler.js:30:26)\n    at ExceptionsHandler.next (/Users/hungpv/Documents/Flutter/EcosystemsToolApps/pdf-kit-server/node_modules/@nestjs/core/exceptions/exceptions-handler.js:14:18)\n    at /Users/hungpv/Documents/Flutter/EcosystemsToolApps/pdf-kit-server/node_modules/@nestjs/core/router/router-proxy.js:13:35\n    at Layer.handleRequest (/Users/hungpv/Documents/Flutter/EcosystemsToolApps/pdf-kit-server/node_modules/router/lib/layer.js:152:17)\n    at trimPrefix (/Users/hungpv/Documents/Flutter/EcosystemsToolApps/pdf-kit-server/node_modules/router/index.js:342:13)\n    at /Users/hungpv/Documents/Flutter/EcosystemsToolApps/pdf-kit-server/node_modules/router/index.js:297:9\n    at processParams (/Users/hungpv/Documents/Flutter/EcosystemsToolApps/pdf-kit-server/node_modules/router/index.js:582:12)\n    at next (/Users/hungpv/Documents/Flutter/EcosystemsToolApps/pdf-kit-server/node_modules/router/index.js:291:5)\n    at cors (/Users/hungpv/Documents/Flutter/EcosystemsToolApps/pdf-kit-server/node_modules/cors/lib/index.js:188:7)"]}
{"timestamp":"2025-06-10 19:13:58","level":"warn","context":"MemoryMonitorService","message":"Memory usage is high: 98.7% (threshold: 85%)"}
{"timestamp":"2025-06-10 19:13:58","level":"warn","context":"MemoryMonitorService","message":"Garbage collection not available. Start Node.js with --expose-gc flag"}
{"timestamp":"2025-06-10 19:13:58","level":"error","message":"Health Check has failed! {\"memory_heap\":{\"status\":\"up\"},\"memory_rss\":{\"status\":\"up\"},\"storage\":{\"status\":\"up\"},\"memory_usage\":{\"status\":\"up\",\"used\":\"15.8GB\",\"free\":\"0.2GB\",\"total\":\"16.0GB\",\"usage_percent\":\"98.7%\"},\"server_info\":{\"status\":\"up\",\"active_conversions\":0,\"max_concurrent\":3,\"memory_usage_mb\":16167,\"version\":\"2.0.0\",\"timestamp\":\"2025-06-10T12:13:58.321Z\"},\"services\":{\"status\":\"down\",\"libreoffice\":\"unavailable\",\"libreoffice_version\":\"Unknown\",\"conversion_engine\":\"not_ready\",\"supported_formats\":[\"docx\",\"doc\",\"odt\",\"xlsx\",\"xls\",\"ods\",\"pptx\",\"ppt\",\"odp\"]}}","stack":[null]}
{"timestamp":"2025-06-10 19:13:58","level":"error","context":"HttpExceptionFilter","message":"GET /api/v1/health - 503 - {\"status\":\"error\",\"info\":{\"memory_heap\":{\"status\":\"up\"},\"memory_rss\":{\"status\":\"up\"},\"storage\":{\"status\":\"up\"},\"memory_usage\":{\"status\":\"up\",\"used\":\"15.8GB\",\"free\":\"0.2GB\",\"total\":\"16.0GB\",\"usage_percent\":\"98.7%\"},\"server_info\":{\"status\":\"up\",\"active_conversions\":0,\"max_concurrent\":3,\"memory_usage_mb\":16167,\"version\":\"2.0.0\",\"timestamp\":\"2025-06-10T12:13:58.321Z\"}},\"error\":{\"services\":{\"status\":\"down\",\"libreoffice\":\"unavailable\",\"libreoffice_version\":\"Unknown\",\"conversion_engine\":\"not_ready\",\"supported_formats\":[\"docx\",\"doc\",\"odt\",\"xlsx\",\"xls\",\"ods\",\"pptx\",\"ppt\",\"odp\"]},\"details\":{\"timestamp\":\"2025-06-10T12:13:58.332Z\",\"path\":\"/api/v1/health\",\"method\":\"GET\"}},\"details\":{\"memory_heap\":{\"status\":\"up\"},\"memory_rss\":{\"status\":\"up\"},\"storage\":{\"status\":\"up\"},\"memory_usage\":{\"status\":\"up\",\"used\":\"15.8GB\",\"free\":\"0.2GB\",\"total\":\"16.0GB\",\"usage_percent\":\"98.7%\"},\"server_info\":{\"status\":\"up\",\"active_conversions\":0,\"max_concurrent\":3,\"memory_usage_mb\":16167,\"version\":\"2.0.0\",\"timestamp\":\"2025-06-10T12:13:58.321Z\"},\"services\":{\"status\":\"down\",\"libreoffice\":\"unavailable\",\"libreoffice_version\":\"Unknown\",\"conversion_engine\":\"not_ready\",\"supported_formats\":[\"docx\",\"doc\",\"odt\",\"xlsx\",\"xls\",\"ods\",\"pptx\",\"ppt\",\"odp\"]}}}","stack":["ServiceUnavailableException: Service Unavailable Exception\n    at HealthCheckService.<anonymous> (/Users/hungpv/Documents/Flutter/EcosystemsToolApps/pdf-kit-server/node_modules/@nestjs/terminus/lib/health-check/health-check.service.ts:62:11)\n    at Generator.next (<anonymous>)\n    at fulfilled (/Users/hungpv/Documents/Flutter/EcosystemsToolApps/pdf-kit-server/node_modules/@nestjs/terminus/dist/health-check/health-check.service.js:17:58)"]}
{"timestamp":"2025-06-10 19:14:07","level":"error","context":"HttpExceptionFilter","message":"POST /api/v1/api/v1/convert - 500 - {\"error\":{\"code\":\"INTERNAL_SERVER_ERROR\",\"message\":\"Cannot create property 'details' on string 'Bad Request'\",\"details\":{\"timestamp\":\"2025-06-10T12:14:07.616Z\",\"path\":\"/api/v1/api/v1/convert\",\"method\":\"POST\"}}}","stack":["TypeError: Cannot create property 'details' on string 'Bad Request'\n    at HttpExceptionFilter.catch (/Users/hungpv/Documents/Flutter/EcosystemsToolApps/pdf-kit-server/src/common/filters/http-exception.filter.ts:75:32)\n    at ExceptionsHandler.invokeCustomFilters (/Users/hungpv/Documents/Flutter/EcosystemsToolApps/pdf-kit-server/node_modules/@nestjs/core/exceptions/exceptions-handler.js:30:26)\n    at ExceptionsHandler.next (/Users/hungpv/Documents/Flutter/EcosystemsToolApps/pdf-kit-server/node_modules/@nestjs/core/exceptions/exceptions-handler.js:14:18)\n    at /Users/hungpv/Documents/Flutter/EcosystemsToolApps/pdf-kit-server/node_modules/@nestjs/core/router/router-proxy.js:13:35\n    at process.processTicksAndRejections (node:internal/process/task_queues:105:5)"]}
{"timestamp":"2025-06-10 19:14:25","level":"info","context":"NestFactory","message":"Starting Nest application..."}
{"timestamp":"2025-06-10 19:14:25","level":"info","context":"InstanceLoader","message":"ThrottlerModule dependencies initialized"}
{"timestamp":"2025-06-10 19:14:25","level":"info","context":"InstanceLoader","message":"ConfigHostModule dependencies initialized"}
{"timestamp":"2025-06-10 19:14:25","level":"info","context":"InstanceLoader","message":"FormatsModule dependencies initialized"}
{"timestamp":"2025-06-10 19:14:25","level":"info","context":"InstanceLoader","message":"TerminusModule dependencies initialized"}
{"timestamp":"2025-06-10 19:14:25","level":"info","context":"InstanceLoader","message":"ConfigModule dependencies initialized"}
{"timestamp":"2025-06-10 19:14:25","level":"info","context":"InstanceLoader","message":"HealthModule dependencies initialized"}
{"timestamp":"2025-06-10 19:14:25","level":"info","context":"InstanceLoader","message":"AppModule dependencies initialized"}
{"timestamp":"2025-06-10 19:14:25","level":"info","context":"InstanceLoader","message":"ConversionModule dependencies initialized"}
{"timestamp":"2025-06-10 19:14:25","level":"info","context":"RoutesResolver","message":"AppController {/api/v1}:"}
{"timestamp":"2025-06-10 19:14:25","level":"info","context":"RouterExplorer","message":"Mapped {/api/v1, GET} route"}
{"timestamp":"2025-06-10 19:14:25","level":"info","context":"RouterExplorer","message":"Mapped {/api/v1/info, GET} route"}
{"timestamp":"2025-06-10 19:14:25","level":"info","context":"RouterExplorer","message":"Mapped {/api/v1/test-upload, POST} route"}
{"timestamp":"2025-06-10 19:14:25","level":"info","context":"RoutesResolver","message":"HealthController {/api/v1/health}:"}
{"timestamp":"2025-06-10 19:14:25","level":"info","context":"RouterExplorer","message":"Mapped {/api/v1/health, GET} route"}
{"timestamp":"2025-06-10 19:14:25","level":"info","context":"RoutesResolver","message":"FormatsController {/api/v1/formats}:"}
{"timestamp":"2025-06-10 19:14:25","level":"info","context":"RouterExplorer","message":"Mapped {/api/v1/formats, GET} route"}
{"timestamp":"2025-06-10 19:14:25","level":"info","context":"RoutesResolver","message":"ConversionController {/api/v1/convert}:"}
{"timestamp":"2025-06-10 19:14:25","level":"info","context":"RouterExplorer","message":"Mapped {/api/v1/convert, POST} route"}
{"timestamp":"2025-06-10 19:14:25","level":"info","context":"NestApplication","message":"Nest application successfully started"}
{"timestamp":"2025-06-10 19:14:39","level":"info","context":"NestFactory","message":"Starting Nest application..."}
{"timestamp":"2025-06-10 19:14:46","level":"error","context":"HttpExceptionFilter","message":"POST /api/v1/convert - 500 - {\"error\":{\"code\":\"INTERNAL_SERVER_ERROR\",\"message\":\"Cannot create property 'details' on string 'Bad Request'\",\"details\":{\"timestamp\":\"2025-06-10T12:14:46.283Z\",\"path\":\"/api/v1/convert\",\"method\":\"POST\"}}}","stack":["TypeError: Cannot create property 'details' on string 'Bad Request'\n    at HttpExceptionFilter.catch (/Users/hungpv/Documents/Flutter/EcosystemsToolApps/pdf-kit-server/src/common/filters/http-exception.filter.ts:75:32)\n    at ExceptionsHandler.invokeCustomFilters (/Users/hungpv/Documents/Flutter/EcosystemsToolApps/pdf-kit-server/node_modules/@nestjs/core/exceptions/exceptions-handler.js:30:26)\n    at ExceptionsHandler.next (/Users/hungpv/Documents/Flutter/EcosystemsToolApps/pdf-kit-server/node_modules/@nestjs/core/exceptions/exceptions-handler.js:14:18)\n    at /Users/hungpv/Documents/Flutter/EcosystemsToolApps/pdf-kit-server/node_modules/@nestjs/core/router/router-proxy.js:13:35\n    at process.processTicksAndRejections (node:internal/process/task_queues:105:5)"]}
{"timestamp":"2025-06-10 19:15:03","level":"error","context":"HttpExceptionFilter","message":"POST /api/v1/convert - 500 - {\"error\":{\"code\":\"INTERNAL_SERVER_ERROR\",\"message\":\"Cannot create property 'details' on string 'Bad Request'\",\"details\":{\"timestamp\":\"2025-06-10T12:15:03.446Z\",\"path\":\"/api/v1/convert\",\"method\":\"POST\"}}}","stack":["TypeError: Cannot create property 'details' on string 'Bad Request'\n    at HttpExceptionFilter.catch (/Users/hungpv/Documents/Flutter/EcosystemsToolApps/pdf-kit-server/src/common/filters/http-exception.filter.ts:75:32)\n    at ExceptionsHandler.invokeCustomFilters (/Users/hungpv/Documents/Flutter/EcosystemsToolApps/pdf-kit-server/node_modules/@nestjs/core/exceptions/exceptions-handler.js:30:26)\n    at ExceptionsHandler.next (/Users/hungpv/Documents/Flutter/EcosystemsToolApps/pdf-kit-server/node_modules/@nestjs/core/exceptions/exceptions-handler.js:14:18)\n    at /Users/hungpv/Documents/Flutter/EcosystemsToolApps/pdf-kit-server/node_modules/@nestjs/core/router/router-proxy.js:13:35\n    at process.processTicksAndRejections (node:internal/process/task_queues:105:5)"]}
{"timestamp":"2025-06-10 19:15:09","level":"warn","context":"MemoryMonitorService","message":"Memory usage is high: 99.4% (threshold: 85%)"}
{"timestamp":"2025-06-10 19:15:09","level":"warn","context":"MemoryMonitorService","message":"Garbage collection not available. Start Node.js with --expose-gc flag"}
{"timestamp":"2025-06-10 19:15:09","level":"error","message":"Health Check has failed! {\"memory_heap\":{\"status\":\"up\"},\"memory_rss\":{\"status\":\"up\"},\"storage\":{\"status\":\"up\"},\"memory_usage\":{\"status\":\"up\",\"used\":\"15.9GB\",\"free\":\"0.1GB\",\"total\":\"16.0GB\",\"usage_percent\":\"99.4%\"},\"server_info\":{\"status\":\"up\",\"active_conversions\":0,\"max_concurrent\":3,\"memory_usage_mb\":16289,\"version\":\"2.0.0\",\"timestamp\":\"2025-06-10T12:15:09.147Z\"},\"services\":{\"status\":\"down\",\"libreoffice\":\"unavailable\",\"libreoffice_version\":\"Unknown\",\"conversion_engine\":\"not_ready\",\"supported_formats\":[\"docx\",\"doc\",\"odt\",\"xlsx\",\"xls\",\"ods\",\"pptx\",\"ppt\",\"odp\"]}}","stack":[null]}
{"timestamp":"2025-06-10 19:15:09","level":"error","context":"HttpExceptionFilter","message":"GET /api/v1/health - 503 - {\"status\":\"error\",\"info\":{\"memory_heap\":{\"status\":\"up\"},\"memory_rss\":{\"status\":\"up\"},\"storage\":{\"status\":\"up\"},\"memory_usage\":{\"status\":\"up\",\"used\":\"15.9GB\",\"free\":\"0.1GB\",\"total\":\"16.0GB\",\"usage_percent\":\"99.4%\"},\"server_info\":{\"status\":\"up\",\"active_conversions\":0,\"max_concurrent\":3,\"memory_usage_mb\":16289,\"version\":\"2.0.0\",\"timestamp\":\"2025-06-10T12:15:09.147Z\"}},\"error\":{\"services\":{\"status\":\"down\",\"libreoffice\":\"unavailable\",\"libreoffice_version\":\"Unknown\",\"conversion_engine\":\"not_ready\",\"supported_formats\":[\"docx\",\"doc\",\"odt\",\"xlsx\",\"xls\",\"ods\",\"pptx\",\"ppt\",\"odp\"]},\"details\":{\"timestamp\":\"2025-06-10T12:15:09.156Z\",\"path\":\"/api/v1/health\",\"method\":\"GET\"}},\"details\":{\"memory_heap\":{\"status\":\"up\"},\"memory_rss\":{\"status\":\"up\"},\"storage\":{\"status\":\"up\"},\"memory_usage\":{\"status\":\"up\",\"used\":\"15.9GB\",\"free\":\"0.1GB\",\"total\":\"16.0GB\",\"usage_percent\":\"99.4%\"},\"server_info\":{\"status\":\"up\",\"active_conversions\":0,\"max_concurrent\":3,\"memory_usage_mb\":16289,\"version\":\"2.0.0\",\"timestamp\":\"2025-06-10T12:15:09.147Z\"},\"services\":{\"status\":\"down\",\"libreoffice\":\"unavailable\",\"libreoffice_version\":\"Unknown\",\"conversion_engine\":\"not_ready\",\"supported_formats\":[\"docx\",\"doc\",\"odt\",\"xlsx\",\"xls\",\"ods\",\"pptx\",\"ppt\",\"odp\"]}}}","stack":["ServiceUnavailableException: Service Unavailable Exception\n    at HealthCheckService.<anonymous> (/Users/hungpv/Documents/Flutter/EcosystemsToolApps/pdf-kit-server/node_modules/@nestjs/terminus/lib/health-check/health-check.service.ts:62:11)\n    at Generator.next (<anonymous>)\n    at fulfilled (/Users/hungpv/Documents/Flutter/EcosystemsToolApps/pdf-kit-server/node_modules/@nestjs/terminus/dist/health-check/health-check.service.js:17:58)"]}
{"timestamp":"2025-06-10 19:15:21","level":"error","context":"HttpExceptionFilter","message":"POST /api/v1/convert - 500 - {\"error\":{\"code\":\"INTERNAL_SERVER_ERROR\",\"message\":\"Cannot create property 'details' on string 'Bad Request'\",\"details\":{\"timestamp\":\"2025-06-10T12:15:21.715Z\",\"path\":\"/api/v1/convert\",\"method\":\"POST\"}}}","stack":["TypeError: Cannot create property 'details' on string 'Bad Request'\n    at HttpExceptionFilter.catch (/Users/hungpv/Documents/Flutter/EcosystemsToolApps/pdf-kit-server/src/common/filters/http-exception.filter.ts:75:32)\n    at ExceptionsHandler.invokeCustomFilters (/Users/hungpv/Documents/Flutter/EcosystemsToolApps/pdf-kit-server/node_modules/@nestjs/core/exceptions/exceptions-handler.js:30:26)\n    at ExceptionsHandler.next (/Users/hungpv/Documents/Flutter/EcosystemsToolApps/pdf-kit-server/node_modules/@nestjs/core/exceptions/exceptions-handler.js:14:18)\n    at /Users/hungpv/Documents/Flutter/EcosystemsToolApps/pdf-kit-server/node_modules/@nestjs/core/router/router-proxy.js:13:35\n    at process.processTicksAndRejections (node:internal/process/task_queues:105:5)"]}
